#
# A fatal error has been detected by the Java Runtime Environment:
#
#  EXCEPTION_ACCESS_VIOLATION (0xc0000005) at pc=0x00007ff8f7fed54e, pid=14420, tid=0x0000000000001cd8
#
# JRE version: Java(TM) SE Runtime Environment (8.0_261-b12) (build 1.8.0_261-b12)
# Java VM: Java HotSpot(TM) 64-Bit Server VM (25.261-b12 mixed mode windows-amd64 compressed oops)
# Problematic frame:
# C  [nvoglv64.dll+0xf9d54e]
#
# Failed to write core dump. Minidumps are not enabled by default on client versions of Windows
#
# If you would like to submit a bug report, please visit:
#   http://bugreport.java.com/bugreport/crash.jsp
# The crash happened outside the Java Virtual Machine in native code.
# See problematic frame for where to report the bug.
#

---------------  T H R E A D  ---------------

Current thread (0x00000227dedb6000):  JavaThread "main" [_thread_in_native, id=7384, stack(0x000000ad9e000000,0x000000ad9e100000)]

siginfo: ExceptionCode=0xc0000005, reading address 0x0000000000000000

Registers:
RAX=0x0000000000000040, RBX=0x00000000000002a0, RCX=0x00000227fb9b8670, RDX=0xfffffdd804647990
RSP=0x000000ad9e0ff028, RBP=0x0000000000000002, RSI=0x0000000000000004, RDI=0x00000227fb9b8670
R8 =0x0000000000000040, R9 =0x0000000000000004, R10=0x0000000000000000, R11=0x00000227fb9b8670
R12=0x0000000000000000, R13=0x00007ff8f7050000, R14=0x0000000000000001, R15=0x00000227fb13cc38
RIP=0x00007ff8f7fed54e, EFLAGS=0x0000000000010286

Top of Stack: (sp=0x000000ad9e0ff028)
0x000000ad9e0ff028:   00007ff8f7a8562c fffffffe00000000
0x000000ad9e0ff038:   0000000000000000 00000227f9533710
0x000000ad9e0ff048:   00007ff8f78f826b 0000000000000000
0x000000ad9e0ff058:   0000000000000000 0000000000000000
0x000000ad9e0ff068:   000000000002810b 00000227fb13cc38
0x000000ad9e0ff078:   00007ff8f7a8653b 00000227fb136080
0x000000ad9e0ff088:   0000000000000005 0000000000000004
0x000000ad9e0ff098:   0000000000000000 00000227dedb6000
0x000000ad9e0ff0a8:   000000ad9e0ff1a0 00000227f9366ba8
0x000000ad9e0ff0b8:   0000000000000000 0000000000000fa9
0x000000ad9e0ff0c8:   00000227e063990e 00000227f9366ba8
0x000000ad9e0ff0d8:   000000ad9e0ff160 0000000000000128
0x000000ad9e0ff0e8:   00000227f9533710 0000022700000004
0x000000ad9e0ff0f8:   00007ff8f79d53f0 00000227dedb6000
0x000000ad9e0ff108:   00000227f95dbe38 00000227dedb6000
0x000000ad9e0ff118:   000000076b7d4c18 000000ad9e0ff120 

Instructions: (pc=0x00007ff8f7fed54e)
0x00007ff8f7fed52e:   4c 11 f0 75 ad 0f 29 41 e0 49 83 e0 7f 0f 28 c1
0x00007ff8f7fed53e:   eb 1a 0f ba 25 18 b8 5a 01 02 0f 82 42 fd ff ff
0x00007ff8f7fed54e:   0f 10 04 11 48 83 c1 10 49 83 e8 10 4d 8b c8 49
0x00007ff8f7fed55e:   c1 e9 04 74 1e 66 66 66 66 66 0f 1f 84 00 00 00 


Register to memory mapping:

RAX=0x0000000000000040 is an unknown value
RBX=0x00000000000002a0 is an unknown value
RCX=0x00000227fb9b8670 is an unknown value
RDX=0xfffffdd804647990 is an unknown value
RSP=0x000000ad9e0ff028 is pointing into the stack for thread: 0x00000227dedb6000
RBP=0x0000000000000002 is an unknown value
RSI=0x0000000000000004 is an unknown value
RDI=0x00000227fb9b8670 is an unknown value
R8 =0x0000000000000040 is an unknown value
R9 =0x0000000000000004 is an unknown value
R10=0x0000000000000000 is an unknown value
R11=0x00000227fb9b8670 is an unknown value
R12=0x0000000000000000 is an unknown value
R13=0x00007ff8f7050000 is an unknown value
R14=0x0000000000000001 is an unknown value
R15=0x00000227fb13cc38 is an unknown value


Stack: [0x000000ad9e000000,0x000000ad9e100000],  sp=0x000000ad9e0ff028,  free space=1020k
Native frames: (J=compiled Java code, j=interpreted, Vv=VM code, C=native code)
C  [nvoglv64.dll+0xf9d54e]
C  [nvoglv64.dll+0xa3562c]
C  [nvoglv64.dll+0xa3653b]
C  0x00000227e063990e

Java frames: (J=compiled Java code, j=interpreted, Vv=VM code)
j  org.lwjgl.opengl.GL11.nglDrawArrays(IIIJ)V+0
j  org.lwjgl.opengl.GL11.glDrawArrays(III)V+20
j  renderEngine.GuiRenderer.render(Ljava/util/List;)V+217
j  core.MainGameLoop.main([Ljava/lang/String;)V+1365
v  ~StubRoutines::call_stub

---------------  P R O C E S S  ---------------

Java Threads: ( => current thread )
  0x00000227fbc92800 JavaThread "Java2D Disposer" daemon [_thread_blocked, id=17328, stack(0x000000ad9f500000,0x000000ad9f600000)]
  0x00000227f9f8b800 JavaThread "Service Thread" daemon [_thread_blocked, id=10692, stack(0x000000ad9ed00000,0x000000ad9ee00000)]
  0x00000227f9efd000 JavaThread "C1 CompilerThread2" daemon [_thread_blocked, id=1156, stack(0x000000ad9ec00000,0x000000ad9ed00000)]
  0x00000227f9ef9000 JavaThread "C2 CompilerThread1" daemon [_thread_blocked, id=18072, stack(0x000000ad9eb00000,0x000000ad9ec00000)]
  0x00000227f9ef0800 JavaThread "C2 CompilerThread0" daemon [_thread_blocked, id=8584, stack(0x000000ad9ea00000,0x000000ad9eb00000)]
  0x00000227f9eed800 JavaThread "Attach Listener" daemon [_thread_blocked, id=9540, stack(0x000000ad9e900000,0x000000ad9ea00000)]
  0x00000227f9eec800 JavaThread "Signal Dispatcher" daemon [_thread_blocked, id=8296, stack(0x000000ad9e800000,0x000000ad9e900000)]
  0x00000227f97a8000 JavaThread "Finalizer" daemon [_thread_blocked, id=16244, stack(0x000000ad9e700000,0x000000ad9e800000)]
  0x00000227f9eb5000 JavaThread "Reference Handler" daemon [_thread_blocked, id=2064, stack(0x000000ad9e600000,0x000000ad9e700000)]
=>0x00000227dedb6000 JavaThread "main" [_thread_in_native, id=7384, stack(0x000000ad9e000000,0x000000ad9e100000)]

Other Threads:
  0x00000227f9eb2800 VMThread [stack: 0x000000ad9e500000,0x000000ad9e600000] [id=3600]
  0x00000227f9f9f000 WatcherThread [stack: 0x000000ad9ee00000,0x000000ad9ef00000] [id=4500]

VM state:not at safepoint (normal execution)

VM Mutex/Monitor currently owned by a thread: None

heap address: 0x00000006c1000000, size: 4080 MB, Compressed Oops mode: Zero based, Oop shift amount: 3
Narrow klass base: 0x0000000000000000, Narrow klass shift: 3
Compressed class space size: 1073741824 Address: 0x00000007c0000000

Heap:
 PSYoungGen      total 76288K, used 21591K [0x000000076b000000, 0x0000000770500000, 0x00000007c0000000)
  eden space 65536K, 32% used [0x000000076b000000,0x000000076c515c48,0x000000076f000000)
  from space 10752K, 0% used [0x000000076fa80000,0x000000076fa80000,0x0000000770500000)
  to   space 10752K, 0% used [0x000000076f000000,0x000000076f000000,0x000000076fa80000)
 ParOldGen       total 175104K, used 0K [0x00000006c1000000, 0x00000006cbb00000, 0x000000076b000000)
  object space 175104K, 0% used [0x00000006c1000000,0x00000006c1000000,0x00000006cbb00000)
 Metaspace       used 8602K, capacity 8819K, committed 8960K, reserved 1056768K
  class space    used 888K, capacity 954K, committed 1024K, reserved 1048576K

Card table byte_map: [0x00000227ef9e0000,0x00000227f01e0000] byte_map_base: 0x00000227ec3d8000

Marking Bits: (ParMarkBitMap*) 0x000000006d994fb0
 Begin Bits: [0x00000227f0730000, 0x00000227f46f0000)
 End Bits:   [0x00000227f46f0000, 0x00000227f86b0000)

Polling page: 0x00000227decd0000

CodeCache: size=245760Kb used=3383Kb max_used=3383Kb free=242376Kb
 bounds [0x00000227e0620000, 0x00000227e0980000, 0x00000227ef620000]
 total_blobs=1349 nmethods=872 adapters=391
 compilation: enabled

Compilation events (10 events):
Event: 3.707 Thread 0x00000227f9efd000  867       3       objects.Entity::getTextureXOffset (31 bytes)
Event: 3.707 Thread 0x00000227f9efd000 nmethod 867 0x00000227e0966a50 code [0x00000227e0966bc0, 0x00000227e0966db8]
Event: 3.707 Thread 0x00000227f9efd000  868       3       objects.Entity::getTextureYOffset (31 bytes)
Event: 3.708 Thread 0x00000227f9efd000 nmethod 868 0x00000227e096cd10 code [0x00000227e096ce80, 0x00000227e096d078]
Event: 3.708 Thread 0x00000227f9efd000  869       3       shaders.StaticShader::loadOffset (18 bytes)
Event: 3.708 Thread 0x00000227f9efd000 nmethod 869 0x00000227e096d590 code [0x00000227e096d7a0, 0x00000227e096e1c0]
Event: 3.708 Thread 0x00000227f9efd000  870       3       shaders.ShaderProgram::load2DVector (13 bytes)
Event: 3.709 Thread 0x00000227f9efd000 nmethod 870 0x00000227e096ea10 code [0x00000227e096ec00, 0x00000227e096f400]
Event: 3.709 Thread 0x00000227f9efd000  871       3       org.lwjgl.opengl.GL20::glUniform2f (24 bytes)
Event: 3.710 Thread 0x00000227f9efd000 nmethod 871 0x00000227e096f9d0 code [0x00000227e096fbc0, 0x00000227e0970320]

GC Heap History (0 events):
No events

Deoptimization events (3 events):
Event: 1.307 Thread 0x00000227dedb6000 Uncommon trap: reason=unstable_if action=reinterpret pc=0x00000227e07e9bcc method=java.lang.String.indexOf([CII[CIII)I @ 3
Event: 3.626 Thread 0x00000227dedb6000 Uncommon trap: reason=unstable_if action=reinterpret pc=0x00000227e0909be0 method=java.lang.String.trim()Ljava/lang/String; @ 15
Event: 3.708 Thread 0x00000227dedb6000 Uncommon trap: reason=unstable_if action=reinterpret pc=0x00000227e090d890 method=sun.misc.FloatingDecimal.readJavaFormatString(Ljava/lang/String;)Lsun/misc/FloatingDecimal$ASCIIToBinaryConverter; @ 178

Classes redefined (0 events):
No events

Internal exceptions (9 events):
Event: 0.059 Thread 0x00000227dedb6000 Exception <a 'java/lang/NoSuchMethodError': Method sun.misc.Unsafe.defineClass(Ljava/lang/String;[BII)Ljava/lang/Class; name or signature does not match> (0x000000076b007cc0) thrown at [C:\jenkins\workspace\8-2-build-windows-amd64-cygwin\jdk8u261\295\hots
Event: 0.059 Thread 0x00000227dedb6000 Exception <a 'java/lang/NoSuchMethodError': Method sun.misc.Unsafe.prefetchRead(Ljava/lang/Object;J)V name or signature does not match> (0x000000076b007fa8) thrown at [C:\jenkins\workspace\8-2-build-windows-amd64-cygwin\jdk8u261\295\hotspot\src\share\vm\p
Event: 1.171 Thread 0x00000227dedb6000 Exception <a 'java/security/PrivilegedActionException'> (0x000000076b4ef550) thrown at [C:\jenkins\workspace\8-2-build-windows-amd64-cygwin\jdk8u261\295\hotspot\src\share\vm\prims\jvm.cpp, line 1512]
Event: 1.171 Thread 0x00000227dedb6000 Exception <a 'java/security/PrivilegedActionException'> (0x000000076b4ef760) thrown at [C:\jenkins\workspace\8-2-build-windows-amd64-cygwin\jdk8u261\295\hotspot\src\share\vm\prims\jvm.cpp, line 1512]
Event: 1.172 Thread 0x00000227dedb6000 Exception <a 'java/security/PrivilegedActionException'> (0x000000076b4f33d0) thrown at [C:\jenkins\workspace\8-2-build-windows-amd64-cygwin\jdk8u261\295\hotspot\src\share\vm\prims\jvm.cpp, line 1512]
Event: 1.172 Thread 0x00000227dedb6000 Exception <a 'java/security/PrivilegedActionException'> (0x000000076b4f35e0) thrown at [C:\jenkins\workspace\8-2-build-windows-amd64-cygwin\jdk8u261\295\hotspot\src\share\vm\prims\jvm.cpp, line 1512]
Event: 1.196 Thread 0x00000227dedb6000 Exception <a 'java/io/FileNotFoundException'> (0x000000076b5072d0) thrown at [C:\jenkins\workspace\8-2-build-windows-amd64-cygwin\jdk8u261\295\hotspot\src\share\vm\prims\jni.cpp, line 710]
Event: 1.249 Thread 0x00000227dedb6000 Exception <a 'java/lang/NoSuchFieldError': method resolution failed> (0x000000076b5d7850) thrown at [C:\jenkins\workspace\8-2-build-windows-amd64-cygwin\jdk8u261\295\hotspot\src\share\vm\prims\methodHandles.cpp, line 1169]
Event: 1.251 Thread 0x00000227dedb6000 Exception <a 'java/lang/NoSuchFieldError': method resolution failed> (0x000000076b5e4f70) thrown at [C:\jenkins\workspace\8-2-build-windows-amd64-cygwin\jdk8u261\295\hotspot\src\share\vm\prims\methodHandles.cpp, line 1169]

Events (10 events):
Event: 3.670 loading class bloom/BrightFilterShader done
Event: 3.683 loading class bloom/CombineFilter
Event: 3.683 loading class bloom/CombineFilter done
Event: 3.684 loading class bloom/CombineShader
Event: 3.684 loading class bloom/CombineShader done
Event: 3.690 loading class java/lang/Math$RandomNumberGeneratorHolder
Event: 3.690 loading class java/lang/Math$RandomNumberGeneratorHolder done
Event: 3.708 Thread 0x00000227dedb6000 Uncommon trap: trap_request=0xffffff65 fr.pc=0x00000227e090d890
Event: 3.708 Thread 0x00000227dedb6000 DEOPT PACKING pc=0x00000227e090d890 sp=0x000000ad9e0ff0b0
Event: 3.709 Thread 0x00000227dedb6000 DEOPT UNPACKING pc=0x00000227e0665843 sp=0x000000ad9e0feff0 mode 2


Dynamic libraries:
0x00007ff641290000 - 0x00007ff6412d7000 	C:\Program Files\Java\jre1.8.0_261\bin\javaw.exe
0x00007ff966420000 - 0x00007ff966610000 	C:\WINDOWS\SYSTEM32\ntdll.dll
0x00007ff964820000 - 0x00007ff9648d2000 	C:\WINDOWS\System32\KERNEL32.DLL
0x00007ff9634d0000 - 0x00007ff963774000 	C:\WINDOWS\System32\KERNELBASE.dll
0x00007ff964980000 - 0x00007ff964a23000 	C:\WINDOWS\System32\ADVAPI32.dll
0x00007ff965ac0000 - 0x00007ff965b5e000 	C:\WINDOWS\System32\msvcrt.dll
0x00007ff965d10000 - 0x00007ff965da7000 	C:\WINDOWS\System32\sechost.dll
0x00007ff964c60000 - 0x00007ff964d80000 	C:\WINDOWS\System32\RPCRT4.dll
0x00007ff9644d0000 - 0x00007ff964665000 	C:\WINDOWS\System32\USER32.dll
0x00007ff9633a0000 - 0x00007ff9633c1000 	C:\WINDOWS\System32\win32u.dll
0x00007ff9648f0000 - 0x00007ff964916000 	C:\WINDOWS\System32\GDI32.dll
0x00007ff964290000 - 0x00007ff964426000 	C:\WINDOWS\System32\gdi32full.dll
0x00007ff9641f0000 - 0x00007ff96428e000 	C:\WINDOWS\System32\msvcp_win.dll
0x00007ff963810000 - 0x00007ff96390a000 	C:\WINDOWS\System32\ucrtbase.dll
0x00007ff952610000 - 0x00007ff952894000 	C:\WINDOWS\WinSxS\amd64_microsoft.windows.common-controls_6595b64144ccf1df_6.0.18362.1016_none_9e7a36bbe461dae4\COMCTL32.dll
0x00007ff966040000 - 0x00007ff966375000 	C:\WINDOWS\System32\combase.dll
0x00007ff964430000 - 0x00007ff9644b0000 	C:\WINDOWS\System32\bcryptPrimitives.dll
0x00007ff965f60000 - 0x00007ff965f8e000 	C:\WINDOWS\System32\IMM32.DLL
0x00007ff95a9f0000 - 0x00007ff95aa05000 	C:\Program Files\Java\jre1.8.0_261\bin\vcruntime140.dll
0x00007ff94b700000 - 0x00007ff94b79b000 	C:\Program Files\Java\jre1.8.0_261\bin\msvcp140.dll
0x000000006d1a0000 - 0x000000006da0c000 	C:\Program Files\Java\jre1.8.0_261\bin\server\jvm.dll
0x00007ff9648e0000 - 0x00007ff9648e8000 	C:\WINDOWS\System32\PSAPI.DLL
0x00007ff949700000 - 0x00007ff949709000 	C:\WINDOWS\SYSTEM32\WSOCK32.dll
0x00007ff9658f0000 - 0x00007ff96595f000 	C:\WINDOWS\System32\WS2_32.dll
0x00007ff95fb20000 - 0x00007ff95fb44000 	C:\WINDOWS\SYSTEM32\WINMM.dll
0x00007ff95b6d0000 - 0x00007ff95b6da000 	C:\WINDOWS\SYSTEM32\VERSION.dll
0x00007ff95faf0000 - 0x00007ff95fb1d000 	C:\WINDOWS\SYSTEM32\WINMMBASE.dll
0x00007ff9633d0000 - 0x00007ff96341a000 	C:\WINDOWS\System32\cfgmgr32.dll
0x00007ff9632e0000 - 0x00007ff9632f1000 	C:\WINDOWS\System32\kernel.appcore.dll
0x00007ff95eba0000 - 0x00007ff95ebb0000 	C:\Program Files\Java\jre1.8.0_261\bin\verify.dll
0x00007ff944490000 - 0x00007ff9444bb000 	C:\Program Files\Java\jre1.8.0_261\bin\java.dll
0x00007ff944470000 - 0x00007ff944488000 	C:\Program Files\Java\jre1.8.0_261\bin\zip.dll
0x00007ff965200000 - 0x00007ff9658e7000 	C:\WINDOWS\System32\SHELL32.dll
0x00007ff964770000 - 0x00007ff964819000 	C:\WINDOWS\System32\shcore.dll
0x00007ff963910000 - 0x00007ff964092000 	C:\WINDOWS\System32\windows.storage.dll
0x00007ff963350000 - 0x00007ff963373000 	C:\WINDOWS\System32\profapi.dll
0x00007ff963300000 - 0x00007ff96334a000 	C:\WINDOWS\System32\powrprof.dll
0x00007ff9632d0000 - 0x00007ff9632e0000 	C:\WINDOWS\System32\UMPDC.dll
0x00007ff964670000 - 0x00007ff9646c2000 	C:\WINDOWS\System32\shlwapi.dll
0x00007ff9644b0000 - 0x00007ff9644c7000 	C:\WINDOWS\System32\cryptsp.dll
0x0000000180000000 - 0x0000000180051000 	F:\Users\John\Documents\Eclipse Workspace\Test3DOpenGLGame\lib\natives\lwjgl64.dll
0x00007ff9301d0000 - 0x00007ff930326000 	C:\WINDOWS\SYSTEM32\OPENGL32.dll
0x00007ff951e30000 - 0x00007ff951e5c000 	C:\WINDOWS\SYSTEM32\GLU32.dll
0x00007ff961f10000 - 0x00007ff961f30000 	C:\WINDOWS\SYSTEM32\dxcore.dll
0x00007ff95d8d0000 - 0x00007ff95d97e000 	C:\WINDOWS\SYSTEM32\mscms.dll
0x00007ff95d8b0000 - 0x00007ff95d8c7000 	C:\WINDOWS\SYSTEM32\ColorAdapterClient.dll
0x00007ff9631c0000 - 0x00007ff9631e5000 	C:\WINDOWS\SYSTEM32\USERENV.dll
0x00007ff964a30000 - 0x00007ff964af5000 	C:\WINDOWS\System32\OLEAUT32.dll
0x00007ff961190000 - 0x00007ff961229000 	C:\WINDOWS\system32\uxtheme.dll
0x00007ff965bd0000 - 0x00007ff965d05000 	C:\WINDOWS\System32\MSCTF.dll
0x00007ff8f7050000 - 0x00007ff8f9726000 	C:\WINDOWS\System32\DriverStore\FileRepository\nv_dispi.inf_amd64_3334892267d8a3d1\nvoglv64.dll
0x00007ff964d80000 - 0x00007ff9651f0000 	C:\WINDOWS\System32\SETUPAPI.dll
0x00007ff963780000 - 0x00007ff9637a6000 	C:\WINDOWS\System32\bcrypt.dll
0x00007ff964b00000 - 0x00007ff964c57000 	C:\WINDOWS\System32\ole32.dll
0x00007ff95f6d0000 - 0x00007ff95f6e3000 	C:\WINDOWS\SYSTEM32\WTSAPI32.dll
0x00007ff9630d0000 - 0x00007ff9630fa000 	C:\WINDOWS\SYSTEM32\DEVOBJ.dll
0x00007ff9637b0000 - 0x00007ff96380c000 	C:\WINDOWS\System32\WINTRUST.dll
0x00007ff963380000 - 0x00007ff963392000 	C:\WINDOWS\System32\MSASN1.dll
0x00007ff9640a0000 - 0x00007ff9641e9000 	C:\WINDOWS\System32\CRYPT32.dll
0x00007ff962300000 - 0x00007ff962331000 	C:\WINDOWS\SYSTEM32\ntmarta.dll
0x00007ff961610000 - 0x00007ff96163d000 	C:\WINDOWS\SYSTEM32\dwmapi.dll
0x00007ff927c90000 - 0x00007ff927f52000 	C:\WINDOWS\system32\nvspcap64.dll
0x00007ff95a0c0000 - 0x00007ff95a15e000 	C:\WINDOWS\System32\TextInputFramework.dll
0x00007ff9608a0000 - 0x00007ff960974000 	C:\WINDOWS\System32\CoreMessaging.dll
0x00007ff95ebd0000 - 0x00007ff95eefa000 	C:\WINDOWS\System32\CoreUIComponents.dll
0x00007ff95e720000 - 0x00007ff95e873000 	C:\WINDOWS\SYSTEM32\wintypes.dll
0x00007ff9581f0000 - 0x00007ff958496000 	C:\WINDOWS\System32\iertutil.dll
0x00007ff94b6b0000 - 0x00007ff94b6f3000 	C:\WINDOWS\SYSTEM32\icm32.dll
0x00007ff962450000 - 0x00007ff9624a6000 	C:\WINDOWS\SYSTEM32\WINSTA.dll
0x00007ff928080000 - 0x00007ff928214000 	C:\Program Files\Java\jre1.8.0_261\bin\awt.dll
0x00007ff961000000 - 0x00007ff96108f000 	C:\WINDOWS\SYSTEM32\apphelp.dll
0x00007ff9626a0000 - 0x00007ff9626d3000 	C:\WINDOWS\system32\rsaenh.dll
0x00007ff962d00000 - 0x00007ff962d0c000 	C:\WINDOWS\SYSTEM32\CRYPTBASE.dll
0x00007ff944450000 - 0x00007ff94446c000 	C:\Program Files\Java\jre1.8.0_261\bin\net.dll
0x00007ff962b30000 - 0x00007ff962b97000 	C:\WINDOWS\system32\mswsock.dll
0x00007ff962840000 - 0x00007ff96287a000 	C:\WINDOWS\SYSTEM32\IPHLPAPI.DLL
0x00007ff9651f0000 - 0x00007ff9651f8000 	C:\WINDOWS\System32\NSI.dll
0x00007ff95b660000 - 0x00007ff95b676000 	C:\WINDOWS\SYSTEM32\dhcpcsvc6.DLL
0x00007ff95b640000 - 0x00007ff95b65c000 	C:\WINDOWS\SYSTEM32\dhcpcsvc.DLL
0x00007ff962880000 - 0x00007ff96294b000 	C:\WINDOWS\SYSTEM32\DNSAPI.dll
0x00007ff944430000 - 0x00007ff944443000 	C:\Program Files\Java\jre1.8.0_261\bin\nio.dll
0x00007ff961b30000 - 0x00007ff961d24000 	C:\WINDOWS\SYSTEM32\dbghelp.dll

VM Arguments:
jvm_args: -Djava.library.path=F:\Users\John\Documents\Eclipse Workspace\Test3DOpenGLGame\lib\natives -Dfile.encoding=Cp1252 
java_command: core.MainGameLoop
java_class_path (initial): F:\Users\John\Documents\Eclipse Workspace\Test3DOpenGLGame\bin;F:\Users\John\Documents\Eclipse Workspace\Test3DOpenGLGame\lib\jars\lwjgl_util.jar;F:\Users\John\Documents\Eclipse Workspace\Test3DOpenGLGame\lib\jars\lwjgl.jar;F:\Users\John\Documents\Eclipse Workspace\Test3DOpenGLGame\lib\jars\slick-util.jar;F:\Users\John\Documents\Eclipse Workspace\Test3DOpenGLGame\lib\jars\PNGDecoder.jar;F:\Users\John\Documents\Eclipse Workspace\Test3DOpenGLGame\lib\jars\ini4j-0.5.4.jar
Launcher Type: SUN_STANDARD

Environment Variables:
JAVA_HOME=C:\Program Files\Java\jdk1.8.0_261
PATH=C:/Program Files/Java/jre1.8.0_261/bin/server;C:/Program Files/Java/jre1.8.0_261/bin;C:/Program Files/Java/jre1.8.0_261/lib/amd64;C:\Program Files (x86)\Common Files\Oracle\Java\javapath;C:\Windows\system32;C:\Windows;C:\Windows\System32\Wbem;C:\Windows\System32\WindowsPowerShell\v1.0\;C:\Windows\System32\OpenSSH\;C:\Program Files (x86)\NVIDIA Corporation\PhysX\Common;C:\Program Files\NVIDIA Corporation\NVIDIA NvDLISR;C:\WINDOWS\system32;C:\WINDOWS;C:\WINDOWS\System32\Wbem;C:\WINDOWS\System32\WindowsPowerShell\v1.0\;C:\WINDOWS\System32\OpenSSH\;C:\Program Files\dotnet\;C:\Program Files\Microsoft SQL Server\130\Tools\Binn\;C:\Program Files\Microsoft SQL Server\Client SDK\ODBC\170\Tools\Binn\;C:\Gradle\gradle-5.6.4\bin;C:\Program Files\nodejs\;C:\Program Files\Java\jdk1.8.0_261\bin;C:\FFMPEG\bin;C:\Program Files\Git\cmd;F:\John\Documents\Random\Executables\geckodriver;C:\Uncrustify;C:\Users\John\AppData\Local\Programs\Python\Python36-32\Scripts\;C:\Users\John\AppData\Local\Programs\Python\Python36-32\;C:\Users\John\AppData\Local\Microsoft\WindowsApps;C:\Users\John\AppData\Local\atom\bin;C:\Users\John\AppData\Local\Programs\Microsoft VS Code\bin;C:\Users\John\AppData\Local\GitHubDesktop\bin;C:\Users\John\AppData\Local\Microsoft\WindowsApps;C:\Program Files\heroku\bin;C:\Users\John\AppData\Roaming\npm;F:\src\flutter\bin;C:\Program Files\Java\jdk1.8.0_261\bin;;C:\Users\John\eclipse\java-2020-06\eclipse;
USERNAME=John
OS=Windows_NT
PROCESSOR_IDENTIFIER=AMD64 Family 21 Model 101 Stepping 1, AuthenticAMD



---------------  S Y S T E M  ---------------

OS: Windows 10.0 , 64 bit Build 18362 (10.0.18362.959)

CPU:total 4 (initial active 4) (4 cores per cpu, 1 threads per core) family 21 model 101 stepping 1, cmov, cx8, fxsr, mmx, sse, sse2, sse3, ssse3, sse4.1, sse4.2, popcnt, avx, avx2, aes, clmul, mmxext, 3dnowpref, lzcnt, sse4a, tsc, tscinvbit, tscinv, bmi1

Memory: 4k page, physical 16709964k(9829136k free), swap 19200332k(9148848k free)

vm_info: Java HotSpot(TM) 64-Bit Server VM (25.261-b12) for windows-amd64 JRE (1.8.0_261-b12), built on Jun 18 2020 06:56:32 by "" with unknown MS VC++:1916

time: Thu Aug 27 13:28:09 2020
timezone: GMT Summer Time
elapsed time: 3 seconds (0d 0h 0m 3s)

